[2025-05-14 08:41:48] Файл успішно завантажено: ../uploads/NUoIHvlw9U_Пензлик.jpeg
[2025-05-14 08:43:06] Файл успішно завантажено: ../uploads/71otDSOLOn_Пензлик.jpeg
[2025-05-14 08:49:15] Файл успішно завантажено: ../uploads/qhAruxWCWD_Пензлик.jpeg
[2025-05-14 08:51:44] Файл успішно завантажено: ../uploads/Y745yZoxMs_Penzluk.jpeg
[2025-05-14 08:59:29] Файл успішно завантажено: ../uploads/esUXcqoG0m_Penzluk.jpeg
[2025-05-14 09:05:44] Початок завантаження зображення. Файл: Array
(
    [name] => Penzluk.jpeg
    [full_path] => Penzluk.jpeg
    [type] => image/jpeg
    [tmp_name] => C:\xampp\tmp\phpD5A4.tmp
    [error] => 0
    [size] => 17498
)

[2025-05-14 09:05:44] Підготовка до завантаження файлу: ../uploads/OXRZYl3U7p_1747206344.jpeg
[2025-05-14 09:05:44] Файл успішно завантажено: ../uploads/OXRZYl3U7p_1747206344.jpeg
[2025-05-14 09:08:30] Початок завантаження зображення. Файл: Array
(
    [name] => Penzluk.jpeg
    [full_path] => Penzluk.jpeg
    [type] => image/jpeg
    [tmp_name] => C:\xampp\tmp\php5DE6.tmp
    [error] => 0
    [size] => 17498
)

[2025-05-14 09:08:30] Підготовка до завантаження файлу: uploads/7127WXaL3o_1747206510.jpeg
[2025-05-14 09:08:30] Файл успішно завантажено: uploads/7127WXaL3o_1747206510.jpeg
[2025-05-14 09:15:41] Початок завантаження зображення. Файл: Array
(
    [name] => 57fe16bb9e8d88280f8b3ccffa05e08a.jpg
    [full_path] => 57fe16bb9e8d88280f8b3ccffa05e08a.jpg
    [type] => image/jpeg
    [tmp_name] => C:\xampp\tmp\phpF085.tmp
    [error] => 0
    [size] => 43767
)

[2025-05-14 09:15:41] Підготовка до завантаження файлу: uploadsPEuwxVZOur_1747206941.jpg
[2025-05-14 09:15:41] Файл успішно завантажено: uploadsPEuwxVZOur_1747206941.jpg
[2025-05-14 09:22:17] Початок завантаження зображення. Файл: Array
(
    [name] => Penzluk.jpeg
    [full_path] => Penzluk.jpeg
    [type] => image/jpeg
    [tmp_name] => C:\xampp\tmp\phpFC02.tmp
    [error] => 0
    [size] => 17498
)

[2025-05-14 09:22:17] Підготовка до завантаження файлу: uploads/uk8D0YNTx0_1747207337.jpeg
[2025-05-14 09:22:17] Файл успішно завантажено: uploads/uk8D0YNTx0_1747207337.jpeg
[2025-05-14 09:23:35] Початок завантаження зображення. Файл: Array
(
    [name] => Penzluk.jpeg
    [full_path] => Penzluk.jpeg
    [type] => image/jpeg
    [tmp_name] => C:\xampp\tmp\php2B1D.tmp
    [error] => 0
    [size] => 17498
)

[2025-05-14 09:23:35] Підготовка до завантаження файлу: uploads/EkdbnaA5oJ_1747207415.jpeg
[2025-05-14 09:23:35] Файл успішно завантажено: uploads/EkdbnaA5oJ_1747207415.jpeg
[2025-05-14 09:26:01] Початок завантаження зображення. Файл: Array
(
    [name] => Penzluk.jpeg
    [full_path] => Penzluk.jpeg
    [type] => image/jpeg
    [tmp_name] => C:\xampp\tmp\php6733.tmp
    [error] => 0
    [size] => 17498
)

[2025-05-14 09:26:01] Підготовка до завантаження файлу: uploads/1D5JmaJ5wg_1747207561.jpeg
[2025-05-14 09:26:01] Файл успішно завантажено: uploads/1D5JmaJ5wg_1747207561.jpeg
[2025-05-14 09:26:28] Початок завантаження зображення. Файл: Array
(
    [name] => Penzluk.jpeg
    [full_path] => Penzluk.jpeg
    [type] => image/jpeg
    [tmp_name] => C:\xampp\tmp\phpD204.tmp
    [error] => 0
    [size] => 17498
)

[2025-05-14 09:26:28] Підготовка до завантаження файлу: uploads/FbnfsioLYF_1747207588.jpeg
[2025-05-14 09:26:28] Файл успішно завантажено: uploads/FbnfsioLYF_1747207588.jpeg
[2025-05-14 09:33:46] Права доступу для директорії ../uploads/ встановлені на 0777
[2025-05-14 09:33:46] Початок завантаження зображення. Файл: Array
(
    [name] => Penzluk.jpeg
    [full_path] => Penzluk.jpeg
    [type] => image/jpeg
    [tmp_name] => C:\xampp\tmp\php7EB3.tmp
    [error] => 0
    [size] => 17498
)

[2025-05-14 09:33:46] Права доступу для директорії uploads/ встановлені на 0777
[2025-05-14 09:33:46] Підготовка до завантаження файлу: uploads/lCD1i0RuT5_1747208026.jpeg
[2025-05-14 09:33:46] Файл успішно завантажено: uploads/lCD1i0RuT5_1747208026.jpeg
[2025-05-14 09:33:46] Права доступу для файлу встановлені на 0666
[2025-05-14 09:33:46] Файл uploads/lCD1i0RuT5_1747208026.jpeg доступний для читання
[2025-05-14 09:35:00] Початок завантаження зображення. Файл: Array
(
    [name] => Penzluk.jpeg
    [full_path] => Penzluk.jpeg
    [type] => image/jpeg
    [tmp_name] => C:\xampp\tmp\php9F47.tmp
    [error] => 0
    [size] => 17498
)

[2025-05-14 09:35:00] Права доступу для директорії uploads/ встановлені на 0777
[2025-05-14 09:35:00] Підготовка до завантаження файлу: uploads/Ze1NNk6U7s_1747208100.jpeg
[2025-05-14 09:35:00] Файл успішно завантажено: uploads/Ze1NNk6U7s_1747208100.jpeg
[2025-05-14 09:35:00] Права доступу для файлу встановлені на 0666
[2025-05-14 09:35:00] Файл uploads/Ze1NNk6U7s_1747208100.jpeg доступний для читання
[2025-05-14 09:35:46] Права доступу для директорії ../uploads/ встановлені на 0777
[2025-05-14 09:35:46] Початок завантаження зображення. Файл: Array
(
    [name] => Penzluk.jpeg
    [full_path] => Penzluk.jpeg
    [type] => image/jpeg
    [tmp_name] => C:\xampp\tmp\php5411.tmp
    [error] => 0
    [size] => 17498
)

[2025-05-14 09:35:46] Директорія uploads/ не існує. Спроба створити...
[2025-05-14 09:35:46] Директорія uploads/ успішно створена
[2025-05-14 09:35:46] Права доступу для директорії uploads/ встановлені на 0777
[2025-05-14 09:35:46] Підготовка до завантаження файлу: uploads/H7f5lZtWvc_1747208146.jpeg
[2025-05-14 09:35:46] Файл успішно завантажено: uploads/H7f5lZtWvc_1747208146.jpeg
[2025-05-14 09:35:46] Права доступу для файлу встановлені на 0666
[2025-05-14 09:35:46] Файл uploads/H7f5lZtWvc_1747208146.jpeg доступний для читання
[2025-05-14 10:03:39] Права доступу для директорії ../uploads/ встановлені на 0777
[2025-05-14 10:03:39] Початок завантаження зображення. Файл: Array
(
    [name] => Penzluk.jpeg
    [full_path] => Penzluk.jpeg
    [type] => image/jpeg
    [tmp_name] => C:\xampp\tmp\phpD987.tmp
    [error] => 0
    [size] => 17498
)

[2025-05-14 10:03:39] Права доступу для директорії uploads/ встановлені на 0777
[2025-05-14 10:03:39] Підготовка до завантаження файлу: uploads/88qYDZMy6L_1747209819.jpeg
[2025-05-14 10:03:39] Файл успішно завантажено: uploads/88qYDZMy6L_1747209819.jpeg
[2025-05-14 10:03:39] Права доступу для файлу встановлені на 0666
[2025-05-14 10:03:39] Файл uploads/88qYDZMy6L_1747209819.jpeg доступний для читання
[2025-05-14 10:05:14] Права доступу для директорії ../uploads/ встановлені на 0777
[2025-05-14 10:05:14] Початок завантаження зображення. Файл: Array
(
    [name] => Penzluk.jpeg
    [full_path] => Penzluk.jpeg
    [type] => image/jpeg
    [tmp_name] => C:\xampp\tmp\php4E56.tmp
    [error] => 0
    [size] => 17498
)

[2025-05-14 10:05:14] Директорія uploads/ не існує. Спроба створити...
[2025-05-14 10:05:14] Директорія uploads/ успішно створена
[2025-05-14 10:05:14] Права доступу для директорії uploads/ встановлені на 0777
[2025-05-14 10:05:14] Підготовка до завантаження файлу: uploads/0ciRI1ls0N_1747209914.jpeg
[2025-05-14 10:05:14] Файл успішно завантажено: uploads/0ciRI1ls0N_1747209914.jpeg
[2025-05-14 10:05:14] Права доступу для файлу встановлені на 0666
[2025-05-14 10:05:14] Файл uploads/0ciRI1ls0N_1747209914.jpeg доступний для читання
[2025-05-14 10:10:19] Права доступу для директорії uploads/ встановлені на 0777
[2025-05-14 10:10:19] Початок завантаження зображення. Файл: Array
(
    [name] => Penzluk.jpeg
    [full_path] => Penzluk.jpeg
    [type] => image/jpeg
    [tmp_name] => C:\xampp\tmp\phpF65B.tmp
    [error] => 0
    [size] => 17498
)

[2025-05-14 10:10:19] Права доступу для директорії uploads/ встановлені на 0777
[2025-05-14 10:10:19] Підготовка до завантаження файлу: uploads/pV06xgWa00_1747210219.jpeg
[2025-05-14 10:10:19] Файл успішно завантажено: uploads/pV06xgWa00_1747210219.jpeg
[2025-05-14 10:10:19] Права доступу для файлу встановлені на 0666
[2025-05-14 10:10:19] Файл uploads/pV06xgWa00_1747210219.jpeg доступний для читання
